<?xml version="1.0" encoding="UTF-8"?>
<testsuite xmlns:xsi="http://www.w3.org/2001/XMLSchema-instance" xsi:noNamespaceSchemaLocation="https://maven.apache.org/surefire/maven-surefire-plugin/xsd/surefire-test-report.xsd" name="org.example.AppTest" time="0.031" tests="1" errors="0" skipped="0" failures="0">
  <properties>
    <property name="sun.desktop" value="windows"/>
    <property name="awt.toolkit" value="sun.awt.windows.WToolkit"/>
    <property name="file.encoding.pkg" value="sun.io"/>
    <property name="java.specification.version" value="1.8"/>
    <property name="sun.cpu.isalist" value="amd64"/>
    <property name="sun.jnu.encoding" value="Cp1252"/>
    <property name="java.class.path" value="C:\Users\xxnlnnpa\Documents\DLTE-JAVA-FULLSTACK-AKASH-2024\DLTE-Java\Update 2.0\soapService\target\test-classes;C:\Users\xxnlnnpa\Documents\DLTE-JAVA-FULLSTACK-AKASH-2024\DLTE-Java\Update 2.0\soapService\target\classes;c:\tools\maven_repo\repository\javax\xml\bind\jaxb-api\2.2.12-b140109.1041\jaxb-api-2.2.12-b140109.1041.jar;c:\tools\maven_repo\repository\javax\xml\ws\jaxws-api\2.2.11\jaxws-api-2.2.11.jar;c:\tools\maven_repo\repository\javax\xml\soap\javax.xml.soap-api\1.3.7\javax.xml.soap-api-1.3.7.jar;c:\tools\maven_repo\repository\javax\annotation\javax.annotation-api\1.2\javax.annotation-api-1.2.jar;c:\tools\maven_repo\repository\javax\jws\jsr181-api\1.0-MR1\jsr181-api-1.0-MR1.jar;c:\tools\maven_repo\repository\com\sun\xml\bind\jaxb-core\2.2.10-b140802.1033\jaxb-core-2.2.10-b140802.1033.jar;c:\tools\maven_repo\repository\com\sun\xml\bind\jaxb-impl\2.2.10-b140802.1033\jaxb-impl-2.2.10-b140802.1033.jar;c:\tools\maven_repo\repository\com\sun\xml\ws\policy\2.4\policy-2.4.jar;c:\tools\maven_repo\repository\org\glassfish\gmbal\gmbal-api-only\3.1.0-b001\gmbal-api-only-3.1.0-b001.jar;c:\tools\maven_repo\repository\org\glassfish\external\management-api\3.0.0-b012\management-api-3.0.0-b012.jar;c:\tools\maven_repo\repository\org\jvnet\staxex\stax-ex\1.7.7\stax-ex-1.7.7.jar;c:\tools\maven_repo\repository\com\sun\xml\stream\buffer\streambuffer\1.5.3\streambuffer-1.5.3.jar;c:\tools\maven_repo\repository\org\jvnet\mimepull\mimepull\1.9.4\mimepull-1.9.4.jar;c:\tools\maven_repo\repository\com\sun\xml\fastinfoset\FastInfoset\1.2.13\FastInfoset-1.2.13.jar;c:\tools\maven_repo\repository\org\glassfish\ha\ha-api\3.1.9\ha-api-3.1.9.jar;c:\tools\maven_repo\repository\com\sun\xml\messaging\saaj\saaj-impl\1.3.25\saaj-impl-1.3.25.jar;c:\tools\maven_repo\repository\org\codehaus\woodstox\woodstox-core-asl\4.2.0\woodstox-core-asl-4.2.0.jar;c:\tools\maven_repo\repository\org\codehaus\woodstox\stax2-api\3.1.1\stax2-api-3.1.1.jar;c:\tools\maven_repo\repository\com\sun\org\apache\xml\internal\resolver\20050927\resolver-20050927.jar;c:\tools\maven_repo\repository\junit\junit\4.13.2\junit-4.13.2.jar;c:\tools\maven_repo\repository\org\hamcrest\hamcrest-core\1.3\hamcrest-core-1.3.jar;c:\tools\maven_repo\repository\org\mockito\mockito-core\4.5.1\mockito-core-4.5.1.jar;c:\tools\maven_repo\repository\net\bytebuddy\byte-buddy\1.12.9\byte-buddy-1.12.9.jar;c:\tools\maven_repo\repository\net\bytebuddy\byte-buddy-agent\1.12.9\byte-buddy-agent-1.12.9.jar;c:\tools\maven_repo\repository\org\objenesis\objenesis\3.2\objenesis-3.2.jar;c:\tools\maven_repo\repository\employee\implement\EmployeeMainImplementation\1.0-SNAPSHOT\EmployeeMainImplementation-1.0-SNAPSHOT.jar;c:\tools\maven_repo\repository\com\oracle\database\jdbc\ojdbc6\11.2.0.4\ojdbc6-11.2.0.4.jar;c:\tools\maven_repo\repository\com\oracle\database\jdbc\ucp\11.2.0.4\ucp-11.2.0.4.jar;c:\tools\maven_repo\repository\com\oracle\database\security\oraclepki\11.2.0.4\oraclepki-11.2.0.4.jar;c:\tools\maven_repo\repository\com\oracle\database\security\osdt_cert\11.2.0.4\osdt_cert-11.2.0.4.jar;c:\tools\maven_repo\repository\com\oracle\database\security\osdt_core\11.2.0.4\osdt_core-11.2.0.4.jar;c:\tools\maven_repo\repository\com\oracle\database\ha\simplefan\11.2.0.4\simplefan-11.2.0.4.jar;c:\tools\maven_repo\repository\com\oracle\database\ha\ons\11.2.0.4\ons-11.2.0.4.jar;c:\tools\maven_repo\repository\ch\qos\logback\logback-classic\1.3.14\logback-classic-1.3.14.jar;c:\tools\maven_repo\repository\ch\qos\logback\logback-core\1.3.14\logback-core-1.3.14.jar;c:\tools\maven_repo\repository\org\slf4j\slf4j-api\2.0.7\slf4j-api-2.0.7.jar;"/>
    <property name="java.vm.vendor" value="Red Hat, Inc."/>
    <property name="sun.arch.data.model" value="64"/>
    <property name="user.variant" value=""/>
    <property name="java.vendor.url" value="https://developers.redhat.com/"/>
    <property name="user.timezone" value="Asia/Calcutta"/>
    <property name="java.vm.specification.version" value="1.8"/>
    <property name="os.name" value="Windows 10"/>
    <property name="user.country" value="US"/>
    <property name="sun.java.launcher" value="SUN_STANDARD"/>
    <property name="sun.boot.library.path" value="C:\Program Files\RedHat\java-1.8.0-openjdk-1.8.0.292-2\jre\bin"/>
    <property name="sun.java.command" value="C:\Users\xxnlnnpa\AppData\Local\Temp\surefire4042936876850513206\surefirebooter6522681725040392156.jar C:\Users\xxnlnnpa\AppData\Local\Temp\surefire4042936876850513206 2024-03-26T23-35-39_453-jvmRun1 surefire9126948193982085391tmp surefire_07391186174264673937tmp"/>
    <property name="surefire.test.class.path" value="C:\Users\xxnlnnpa\Documents\DLTE-JAVA-FULLSTACK-AKASH-2024\DLTE-Java\Update 2.0\soapService\target\test-classes;C:\Users\xxnlnnpa\Documents\DLTE-JAVA-FULLSTACK-AKASH-2024\DLTE-Java\Update 2.0\soapService\target\classes;c:\tools\maven_repo\repository\javax\xml\bind\jaxb-api\2.2.12-b140109.1041\jaxb-api-2.2.12-b140109.1041.jar;c:\tools\maven_repo\repository\javax\xml\ws\jaxws-api\2.2.11\jaxws-api-2.2.11.jar;c:\tools\maven_repo\repository\javax\xml\soap\javax.xml.soap-api\1.3.7\javax.xml.soap-api-1.3.7.jar;c:\tools\maven_repo\repository\javax\annotation\javax.annotation-api\1.2\javax.annotation-api-1.2.jar;c:\tools\maven_repo\repository\javax\jws\jsr181-api\1.0-MR1\jsr181-api-1.0-MR1.jar;c:\tools\maven_repo\repository\com\sun\xml\bind\jaxb-core\2.2.10-b140802.1033\jaxb-core-2.2.10-b140802.1033.jar;c:\tools\maven_repo\repository\com\sun\xml\bind\jaxb-impl\2.2.10-b140802.1033\jaxb-impl-2.2.10-b140802.1033.jar;c:\tools\maven_repo\repository\com\sun\xml\ws\policy\2.4\policy-2.4.jar;c:\tools\maven_repo\repository\org\glassfish\gmbal\gmbal-api-only\3.1.0-b001\gmbal-api-only-3.1.0-b001.jar;c:\tools\maven_repo\repository\org\glassfish\external\management-api\3.0.0-b012\management-api-3.0.0-b012.jar;c:\tools\maven_repo\repository\org\jvnet\staxex\stax-ex\1.7.7\stax-ex-1.7.7.jar;c:\tools\maven_repo\repository\com\sun\xml\stream\buffer\streambuffer\1.5.3\streambuffer-1.5.3.jar;c:\tools\maven_repo\repository\org\jvnet\mimepull\mimepull\1.9.4\mimepull-1.9.4.jar;c:\tools\maven_repo\repository\com\sun\xml\fastinfoset\FastInfoset\1.2.13\FastInfoset-1.2.13.jar;c:\tools\maven_repo\repository\org\glassfish\ha\ha-api\3.1.9\ha-api-3.1.9.jar;c:\tools\maven_repo\repository\com\sun\xml\messaging\saaj\saaj-impl\1.3.25\saaj-impl-1.3.25.jar;c:\tools\maven_repo\repository\org\codehaus\woodstox\woodstox-core-asl\4.2.0\woodstox-core-asl-4.2.0.jar;c:\tools\maven_repo\repository\org\codehaus\woodstox\stax2-api\3.1.1\stax2-api-3.1.1.jar;c:\tools\maven_repo\repository\com\sun\org\apache\xml\internal\resolver\20050927\resolver-20050927.jar;c:\tools\maven_repo\repository\junit\junit\4.13.2\junit-4.13.2.jar;c:\tools\maven_repo\repository\org\hamcrest\hamcrest-core\1.3\hamcrest-core-1.3.jar;c:\tools\maven_repo\repository\org\mockito\mockito-core\4.5.1\mockito-core-4.5.1.jar;c:\tools\maven_repo\repository\net\bytebuddy\byte-buddy\1.12.9\byte-buddy-1.12.9.jar;c:\tools\maven_repo\repository\net\bytebuddy\byte-buddy-agent\1.12.9\byte-buddy-agent-1.12.9.jar;c:\tools\maven_repo\repository\org\objenesis\objenesis\3.2\objenesis-3.2.jar;c:\tools\maven_repo\repository\employee\implement\EmployeeMainImplementation\1.0-SNAPSHOT\EmployeeMainImplementation-1.0-SNAPSHOT.jar;c:\tools\maven_repo\repository\com\oracle\database\jdbc\ojdbc6\11.2.0.4\ojdbc6-11.2.0.4.jar;c:\tools\maven_repo\repository\com\oracle\database\jdbc\ucp\11.2.0.4\ucp-11.2.0.4.jar;c:\tools\maven_repo\repository\com\oracle\database\security\oraclepki\11.2.0.4\oraclepki-11.2.0.4.jar;c:\tools\maven_repo\repository\com\oracle\database\security\osdt_cert\11.2.0.4\osdt_cert-11.2.0.4.jar;c:\tools\maven_repo\repository\com\oracle\database\security\osdt_core\11.2.0.4\osdt_core-11.2.0.4.jar;c:\tools\maven_repo\repository\com\oracle\database\ha\simplefan\11.2.0.4\simplefan-11.2.0.4.jar;c:\tools\maven_repo\repository\com\oracle\database\ha\ons\11.2.0.4\ons-11.2.0.4.jar;c:\tools\maven_repo\repository\ch\qos\logback\logback-classic\1.3.14\logback-classic-1.3.14.jar;c:\tools\maven_repo\repository\ch\qos\logback\logback-core\1.3.14\logback-core-1.3.14.jar;c:\tools\maven_repo\repository\org\slf4j\slf4j-api\2.0.7\slf4j-api-2.0.7.jar;"/>
    <property name="sun.cpu.endian" value="little"/>
    <property name="user.home" value="C:\Users\xxnlnnpa"/>
    <property name="user.language" value="en"/>
    <property name="java.specification.vendor" value="Oracle Corporation"/>
    <property name="java.home" value="C:\Program Files\RedHat\java-1.8.0-openjdk-1.8.0.292-2\jre"/>
    <property name="basedir" value="C:\Users\xxnlnnpa\Documents\DLTE-JAVA-FULLSTACK-AKASH-2024\DLTE-Java\Update 2.0\soapService"/>
    <property name="file.separator" value="\"/>
    <property name="line.separator" value="&#10;"/>
    <property name="java.vm.specification.vendor" value="Oracle Corporation"/>
    <property name="java.specification.name" value="Java Platform API Specification"/>
    <property name="java.awt.graphicsenv" value="sun.awt.Win32GraphicsEnvironment"/>
    <property name="surefire.real.class.path" value="C:\Users\xxnlnnpa\AppData\Local\Temp\surefire4042936876850513206\surefirebooter6522681725040392156.jar"/>
    <property name="sun.boot.class.path" value="C:\Program Files\RedHat\java-1.8.0-openjdk-1.8.0.292-2\jre\lib\resources.jar;C:\Program Files\RedHat\java-1.8.0-openjdk-1.8.0.292-2\jre\lib\rt.jar;C:\Program Files\RedHat\java-1.8.0-openjdk-1.8.0.292-2\jre\lib\sunrsasign.jar;C:\Program Files\RedHat\java-1.8.0-openjdk-1.8.0.292-2\jre\lib\jsse.jar;C:\Program Files\RedHat\java-1.8.0-openjdk-1.8.0.292-2\jre\lib\jce.jar;C:\Program Files\RedHat\java-1.8.0-openjdk-1.8.0.292-2\jre\lib\charsets.jar;C:\Program Files\RedHat\java-1.8.0-openjdk-1.8.0.292-2\jre\lib\jfr.jar;C:\Program Files\RedHat\java-1.8.0-openjdk-1.8.0.292-2\jre\classes"/>
    <property name="user.script" value=""/>
    <property name="sun.management.compiler" value="HotSpot 64-Bit Tiered Compilers"/>
    <property name="java.runtime.version" value="1.8.0_292-b10"/>
    <property name="user.name" value="xxnlnnpa"/>
    <property name="path.separator" value=";"/>
    <property name="os.version" value="10.0"/>
    <property name="java.endorsed.dirs" value="C:\Program Files\RedHat\java-1.8.0-openjdk-1.8.0.292-2\jre\lib\endorsed"/>
    <property name="java.runtime.name" value="OpenJDK Runtime Environment"/>
    <property name="file.encoding" value="Cp1252"/>
    <property name="java.vm.name" value="OpenJDK 64-Bit Server VM"/>
    <property name="localRepository" value="c:\tools\maven_repo\repository"/>
    <property name="java.vendor.url.bug" value="https://bugzilla.redhat.com/enter_bug.cgi"/>
    <property name="java.io.tmpdir" value="C:\Users\xxnlnnpa\AppData\Local\Temp\"/>
    <property name="java.version" value="1.8.0_292"/>
    <property name="user.dir" value="C:\Users\xxnlnnpa\Documents\DLTE-JAVA-FULLSTACK-AKASH-2024\DLTE-Java\Update 2.0\soapService"/>
    <property name="os.arch" value="amd64"/>
    <property name="java.vm.specification.name" value="Java Virtual Machine Specification"/>
    <property name="java.awt.printerjob" value="sun.awt.windows.WPrinterJob"/>
    <property name="idea.version2019.3.1" value="true"/>
    <property name="sun.os.patch.level" value=""/>
    <property name="java.library.path" value="C:\Program Files\RedHat\java-1.8.0-openjdk-1.8.0.292-2\jre\bin;C:\Windows\Sun\Java\bin;C:\Windows\system32;C:\Windows;C:\oraclexe\app\oracle\product\11.2.0\server\bin;C:\Windows\system32;C:\Windows;C:\Windows\System32\Wbem;C:\Windows\System32\WindowsPowerShell\v1.0\;C:\Windows\System32\OpenSSH\;C:\Program Files\RedHat\java-1.8.0-openjdk-1.8.0.292-2\bin;C:\Program Files\RedHat\java-1.8.0-openjdk-1.8.0.292-2\jre\bin;C:\Program Files\RedHat\java-1.8.0-openjdk-1.8.0.292-2\bin;C:\Maven\apache-maven-3.3.9\bin;C:\Program Files\Git\cmd;C:\Users\xxnlnnpa\AppData\Local\Microsoft\WindowsApps;;C:\Program Files\JetBrains\IntelliJ IDEA 2019.3.1\bin;;C:\Users\xxnlnnpa\AppData\Local\Programs\Microsoft VS Code\bin;."/>
    <property name="java.vm.info" value="mixed mode"/>
    <property name="java.vendor" value="Red Hat, Inc."/>
    <property name="java.vm.version" value="25.292-b10"/>
    <property name="java.ext.dirs" value="C:\Program Files\RedHat\java-1.8.0-openjdk-1.8.0.292-2\jre\lib\ext;C:\Windows\Sun\Java\lib\ext"/>
    <property name="sun.io.unicode.encoding" value="UnicodeLittle"/>
    <property name="java.class.version" value="52.0"/>
  </properties>
  <testcase name="shouldAnswerWithTrue" classname="org.example.AppTest" time="0.01"/>
</testsuite>